<?xml version="1.0" encoding="UTF-8"?>
<testng-results skipped="0" failed="0" ignored="0" total="1" passed="1">
  <reporter-output>
  </reporter-output>
  <suite name="Zaarol" duration-ms="34872" started-at="2021-11-18T07:23:07Z" finished-at="2021-11-18T07:23:42Z">
    <groups>
    </groups>
    <test name="Test1" duration-ms="34872" started-at="2021-11-18T07:23:07Z" finished-at="2021-11-18T07:23:42Z">
      <class name="com.zaarolbasic.testCases.TC_LoginTest_001">
        <test-method status="PASS" signature="setup(java.lang.String)[pri:0, instance:com.zaarolbasic.testCases.TC_LoginTest_001@4e04a765]" name="setup" is-config="true" duration-ms="1808" started-at="2021-11-18T07:23:07Z" finished-at="2021-11-18T07:23:09Z">
          <params>
            <param index="0">
              <value>
                <![CDATA[chrome]]>
              </value>
            </param>
          </params>
          <reporter-output>
          </reporter-output>
        </test-method> <!-- setup -->
        <test-method status="PASS" signature="loginTest()[pri:0, instance:com.zaarolbasic.testCases.TC_LoginTest_001@4e04a765]" name="loginTest" duration-ms="32804" started-at="2021-11-18T07:23:09Z" finished-at="2021-11-18T07:23:42Z">
          <reporter-output>
          </reporter-output>
        </test-method> <!-- loginTest -->
        <test-method status="PASS" signature="tearDown()[pri:0, instance:com.zaarolbasic.testCases.TC_LoginTest_001@4e04a765]" name="tearDown" is-config="true" duration-ms="97" started-at="2021-11-18T07:23:42Z" finished-at="2021-11-18T07:23:42Z">
          <reporter-output>
          </reporter-output>
        </test-method> <!-- tearDown -->
      </class> <!-- com.zaarolbasic.testCases.TC_LoginTest_001 -->
    </test> <!-- Test1 -->
  </suite> <!-- Zaarol -->
</testng-results>
