<?xml version="1.0" encoding="UTF-8"?>
<testng-results skipped="0" failed="1" ignored="0" total="7" passed="6">
  <reporter-output>
  </reporter-output>
  <suite name="Zaarol" duration-ms="35222" started-at="2021-11-24T11:11:07Z" finished-at="2021-11-24T11:11:42Z">
    <groups>
    </groups>
    <test name="Test1" duration-ms="35222" started-at="2021-11-24T11:11:07Z" finished-at="2021-11-24T11:11:42Z">
      <class name="com.zaarolbasic.testCases.TC_LoginTest_001">
        <test-method status="PASS" signature="setup(java.lang.String)[pri:0, instance:com.zaarolbasic.testCases.TC_LoginTest_001@56ef9176]" name="setup" is-config="true" duration-ms="3091" started-at="2021-11-24T11:11:07Z" finished-at="2021-11-24T11:11:10Z">
          <params>
            <param index="0">
              <value>
                <![CDATA[chrome]]>
              </value>
            </param>
          </params>
          <reporter-output>
          </reporter-output>
        </test-method> <!-- setup -->
        <test-method status="PASS" signature="loginTest_validEmail_validPassword_TC_001()[pri:1, instance:com.zaarolbasic.testCases.TC_LoginTest_001@56ef9176]" name="loginTest_validEmail_validPassword_TC_001" duration-ms="26146" started-at="2021-11-24T11:11:10Z" finished-at="2021-11-24T11:11:36Z">
          <reporter-output>
          </reporter-output>
        </test-method> <!-- loginTest_validEmail_validPassword_TC_001 -->
        <test-method status="PASS" signature="loginTest_invalidEmail_validPassword_TC_002()[pri:2, instance:com.zaarolbasic.testCases.TC_LoginTest_001@56ef9176]" name="loginTest_invalidEmail_validPassword_TC_002" duration-ms="1241" started-at="2021-11-24T11:11:36Z" finished-at="2021-11-24T11:11:37Z">
          <reporter-output>
          </reporter-output>
        </test-method> <!-- loginTest_invalidEmail_validPassword_TC_002 -->
        <test-method status="FAIL" signature="loginTest_invalidEmail_invalidPassword_TC_003()[pri:3, instance:com.zaarolbasic.testCases.TC_LoginTest_001@56ef9176]" name="loginTest_invalidEmail_invalidPassword_TC_003" duration-ms="837" started-at="2021-11-24T11:11:37Z" finished-at="2021-11-24T11:11:38Z">
          <exception class="java.lang.IllegalArgumentException">
            <message>
              <![CDATA[Keys to send should be a not null CharSequence]]>
            </message>
            <full-stacktrace>
              <![CDATA[java.lang.IllegalArgumentException: Keys to send should be a not null CharSequence
at org.openqa.selenium.remote.RemoteWebElement.sendKeys(RemoteWebElement.java:97)
at com.zaarolbasic.pageObjects.LoginPage.setPassword(LoginPage.java:140)
at com.zaarolbasic.testCases.TC_LoginTest_001.loginTest_invalidEmail_invalidPassword_TC_003(TC_LoginTest_001.java:80)
at sun.reflect.NativeMethodAccessorImpl.invoke0(Native Method)
at sun.reflect.NativeMethodAccessorImpl.invoke(NativeMethodAccessorImpl.java:62)
at sun.reflect.DelegatingMethodAccessorImpl.invoke(DelegatingMethodAccessorImpl.java:43)
at java.lang.reflect.Method.invoke(Method.java:498)
at org.testng.internal.MethodInvocationHelper.invokeMethod(MethodInvocationHelper.java:124)
at org.testng.internal.Invoker.invokeMethod(Invoker.java:583)
at org.testng.internal.Invoker.invokeTestMethod(Invoker.java:719)
at org.testng.internal.Invoker.invokeTestMethods(Invoker.java:989)
at org.testng.internal.TestMethodWorker.invokeTestMethods(TestMethodWorker.java:125)
at org.testng.internal.TestMethodWorker.run(TestMethodWorker.java:109)
at org.testng.TestRunner.privateRun(TestRunner.java:648)
at org.testng.TestRunner.run(TestRunner.java:505)
at org.testng.SuiteRunner.runTest(SuiteRunner.java:455)
at org.testng.SuiteRunner.runSequentially(SuiteRunner.java:450)
at org.testng.SuiteRunner.privateRun(SuiteRunner.java:415)
at org.testng.SuiteRunner.run(SuiteRunner.java:364)
at org.testng.SuiteRunnerWorker.runSuite(SuiteRunnerWorker.java:52)
at org.testng.SuiteRunnerWorker.run(SuiteRunnerWorker.java:84)
at org.testng.TestNG.runSuitesSequentially(TestNG.java:1208)
at org.testng.TestNG.runSuitesLocally(TestNG.java:1137)
at org.testng.TestNG.runSuites(TestNG.java:1049)
at org.testng.TestNG.run(TestNG.java:1017)
at org.testng.remote.AbstractRemoteTestNG.run(AbstractRemoteTestNG.java:115)
at org.testng.remote.RemoteTestNG.initAndRun(RemoteTestNG.java:251)
at org.testng.remote.RemoteTestNG.main(RemoteTestNG.java:77)
]]>
            </full-stacktrace>
          </exception> <!-- java.lang.IllegalArgumentException -->
          <reporter-output>
          </reporter-output>
        </test-method> <!-- loginTest_invalidEmail_invalidPassword_TC_003 -->
        <test-method status="PASS" signature="loginTest_validEmail_EmptyPassword_TC_004()[pri:4, instance:com.zaarolbasic.testCases.TC_LoginTest_001@56ef9176]" name="loginTest_validEmail_EmptyPassword_TC_004" duration-ms="963" started-at="2021-11-24T11:11:38Z" finished-at="2021-11-24T11:11:39Z">
          <reporter-output>
          </reporter-output>
        </test-method> <!-- loginTest_validEmail_EmptyPassword_TC_004 -->
        <test-method status="PASS" signature="loginTest_invalidEmail_EmptyPassword_TC_005()[pri:5, instance:com.zaarolbasic.testCases.TC_LoginTest_001@56ef9176]" name="loginTest_invalidEmail_EmptyPassword_TC_005" duration-ms="929" started-at="2021-11-24T11:11:39Z" finished-at="2021-11-24T11:11:40Z">
          <reporter-output>
          </reporter-output>
        </test-method> <!-- loginTest_invalidEmail_EmptyPassword_TC_005 -->
        <test-method status="PASS" signature="loginTest_EmptyUsername_InvalidPassword_TC_006()[pri:6, instance:com.zaarolbasic.testCases.TC_LoginTest_001@56ef9176]" name="loginTest_EmptyUsername_InvalidPassword_TC_006" duration-ms="800" started-at="2021-11-24T11:11:40Z" finished-at="2021-11-24T11:11:41Z">
          <reporter-output>
          </reporter-output>
        </test-method> <!-- loginTest_EmptyUsername_InvalidPassword_TC_006 -->
        <test-method status="PASS" signature="loginTest_EmptyUsername_EmptyPassword_TC_007()[pri:7, instance:com.zaarolbasic.testCases.TC_LoginTest_001@56ef9176]" name="loginTest_EmptyUsername_EmptyPassword_TC_007" duration-ms="855" started-at="2021-11-24T11:11:41Z" finished-at="2021-11-24T11:11:42Z">
          <reporter-output>
          </reporter-output>
        </test-method> <!-- loginTest_EmptyUsername_EmptyPassword_TC_007 -->
        <test-method status="PASS" signature="tearDown()[pri:0, instance:com.zaarolbasic.testCases.TC_LoginTest_001@56ef9176]" name="tearDown" is-config="true" duration-ms="100" started-at="2021-11-24T11:11:42Z" finished-at="2021-11-24T11:11:42Z">
          <reporter-output>
          </reporter-output>
        </test-method> <!-- tearDown -->
      </class> <!-- com.zaarolbasic.testCases.TC_LoginTest_001 -->
    </test> <!-- Test1 -->
  </suite> <!-- Zaarol -->
</testng-results>
